
  2024-07-04 04:57:01 Running ['artisan' prestamos:notificar] ..... 101ms DONE
  ⇂ '/usr/bin/php8.1' 'artisan' prestamos:notificar > '/dev/null' 2>&1  


  2024-07-04 04:58:01 Running ['artisan' prestamos:notificar] ...... 94ms DONE
  ⇂ '/usr/bin/php8.1' 'artisan' prestamos:notificar > '/dev/null' 2>&1  


  2024-07-04 04:59:01 Running ['artisan' prestamos:notificar] ..... 104ms DONE
  ⇂ '/usr/bin/php8.1' 'artisan' prestamos:notificar > '/dev/null' 2>&1  


  2024-07-04 05:00:01 Running ['artisan' prestamos:notificar] ...... 98ms DONE
  ⇂ '/usr/bin/php8.1' 'artisan' prestamos:notificar > '/dev/null' 2>&1  


  2024-07-04 05:01:01 Running ['artisan' prestamos:notificar] ...... 92ms DONE
  ⇂ '/usr/bin/php8.1' 'artisan' prestamos:notificar > '/dev/null' 2>&1  


  2024-07-04 05:02:01 Running ['artisan' prestamos:notificar] ...... 92ms DONE
  ⇂ '/usr/bin/php8.1' 'artisan' prestamos:notificar > '/dev/null' 2>&1  


  2024-07-04 05:03:01 Running ['artisan' prestamos:notificar] ...... 93ms DONE
  ⇂ '/usr/bin/php8.1' 'artisan' prestamos:notificar > '/dev/null' 2>&1  


  2024-07-04 05:04:01 Running ['artisan' prestamos:notificar] ..... 101ms DONE
  ⇂ '/usr/bin/php8.1' 'artisan' prestamos:notificar > '/dev/null' 2>&1  

Notificaciones enviadas exitosamente.
Notificaciones enviadas exitosamente.
Notificaciones enviadas exitosamente.
Notificaciones enviadas exitosamente.

   Error 

  Call to a member function routeNotificationFor() on null

  at sysky/vendor/laravel/framework/src/Illuminate/Notifications/Channels/MailChannel.php:57
     53▕     public function send($notifiable, Notification $notification)
     54▕     {
     55▕         $message = $notification->toMail($notifiable);
     56▕ 
  ➜  57▕         if (! $notifiable->routeNotificationFor('mail', $notification) &&
     58▕             ! $message instanceof Mailable) {
     59▕             return;
     60▕         }
     61▕

      [2m+7 vendor frames [22m

  8   sysky/app/Models/Prestamo.php:41
      Illuminate\Support\Facades\Facade::__callStatic()

  9   sysky/app/Console/Commands/NotificarPrestamos.php:21
      App\Models\Prestamo::enviarNotificaciones()

Notificaciones enviadas exitosamente.
Notificaciones enviadas exitosamente.
Notificaciones enviadas exitosamente.
Notificaciones enviadas exitosamente.
Notificaciones enviadas exitosamente.
Notificaciones enviadas exitosamente.
Notificaciones enviadas exitosamente.

   Illuminate\Database\QueryException 

  SQLSTATE[42S22]: Column not found: 1054 Unknown column 'fecha_devolucion' in 'where clause' (Connection: mysql, SQL: select * from `prestamos` where `fecha_devolucion` = 2024-07-04 00:00:00)

  at sysky/vendor/laravel/framework/src/Illuminate/Database/Connection.php:829
    825▕                     $this->getName(), $query, $this->prepareBindings($bindings), $e
    826▕                 );
    827▕             }
    828▕ 
  ➜ 829▕             throw new QueryException(
    830▕                 $this->getName(), $query, $this->prepareBindings($bindings), $e
    831▕             );
    832▕         }
    833▕     }

  i   A column was not found: You might have forgotten to run your database migrations. 
      https://laravel.com/docs/master/migrations#running-migrations

      [2m+11 vendor frames [22m

  12  sysky/app/Console/Commands/NotificarPrestamos.php:24
      Illuminate\Database\Eloquent\Builder::get()
      [2m+12 vendor frames [22m

  25  sysky/artisan:37
      Illuminate\Foundation\Console\Kernel::handle()

app-laravel: orden no encontrada

  2024-07-04 05:38:01 Running ['artisan' prestamos:notificar] ..... 109ms FAIL
  ⇂ '/usr/bin/php8.1' 'artisan' prestamos:notificar > '/dev/null' 2>&1  


  2024-07-04 05:39:01 Running ['artisan' prestamos:notificar] ..... 101ms FAIL
  ⇂ '/usr/bin/php8.1' 'artisan' prestamos:notificar > '/dev/null' 2>&1  


  2024-07-04 05:40:01 Running ['artisan' prestamos:notificar] ...... 99ms FAIL
  ⇂ '/usr/bin/php8.1' 'artisan' prestamos:notificar > '/dev/null' 2>&1  


  2024-07-04 05:41:01 Running ['artisan' prestamos:notificar] ..... 107ms FAIL
  ⇂ '/usr/bin/php8.1' 'artisan' prestamos:notificar > '/dev/null' 2>&1  


  2024-07-04 05:42:01 Running ['artisan' prestamos:notificar] ..... 100ms FAIL
  ⇂ '/usr/bin/php8.1' 'artisan' prestamos:notificar > '/dev/null' 2>&1  


  2024-07-04 05:43:01 Running ['artisan' prestamos:notificar] ..... 105ms FAIL
  ⇂ '/usr/bin/php8.1' 'artisan' prestamos:notificar > '/dev/null' 2>&1  


  2024-07-04 05:44:01 Running ['artisan' prestamos:notificar] ..... 102ms FAIL
  ⇂ '/usr/bin/php8.1' 'artisan' prestamos:notificar > '/dev/null' 2>&1  


  2024-07-04 05:45:01 Running ['artisan' prestamos:notificar] ..... 102ms FAIL
  ⇂ '/usr/bin/php8.1' 'artisan' prestamos:notificar > '/dev/null' 2>&1  


  2024-07-04 05:46:01 Running ['artisan' prestamos:notificar] ..... 109ms FAIL
  ⇂ '/usr/bin/php8.1' 'artisan' prestamos:notificar > '/dev/null' 2>&1  


  2024-07-04 05:47:02 Running ['artisan' prestamos:notificar] ..... 102ms FAIL
  ⇂ '/usr/bin/php8.1' 'artisan' prestamos:notificar > '/dev/null' 2>&1  


  2024-07-04 05:48:01 Running ['artisan' prestamos:notificar] ..... 100ms FAIL
  ⇂ '/usr/bin/php8.1' 'artisan' prestamos:notificar > '/dev/null' 2>&1  


  2024-07-04 12:56:48 Running ['artisan' prestamos:notificar] ..... 167ms FAIL
  ⇂ '/usr/bin/php8.1' 'artisan' prestamos:notificar > '/dev/null' 2>&1  


  2024-07-04 12:57:01 Running ['artisan' prestamos:notificar] ..... 176ms FAIL
  ⇂ '/usr/bin/php8.1' 'artisan' prestamos:notificar > '/dev/null' 2>&1  


  2024-07-04 12:58:01 Running ['artisan' prestamos:notificar] ..... 155ms FAIL
  ⇂ '/usr/bin/php8.1' 'artisan' prestamos:notificar > '/dev/null' 2>&1  


  2024-07-04 12:59:01 Running ['artisan' prestamos:notificar] ..... 153ms FAIL
  ⇂ '/usr/bin/php8.1' 'artisan' prestamos:notificar > '/dev/null' 2>&1  


  2024-07-04 13:00:01 Running ['artisan' prestamos:notificar] ..... 175ms FAIL
  ⇂ '/usr/bin/php8.1' 'artisan' prestamos:notificar > '/dev/null' 2>&1  


  2024-07-04 13:01:01 Running ['artisan' prestamos:notificar] ..... 153ms FAIL
  ⇂ '/usr/bin/php8.1' 'artisan' prestamos:notificar > '/dev/null' 2>&1  


  2024-07-04 13:02:01 Running ['artisan' prestamos:notificar] ..... 154ms FAIL
  ⇂ '/usr/bin/php8.1' 'artisan' prestamos:notificar > '/dev/null' 2>&1  


  2024-07-04 13:03:01 Running ['artisan' prestamos:notificar] ..... 154ms FAIL
  ⇂ '/usr/bin/php8.1' 'artisan' prestamos:notificar > '/dev/null' 2>&1  


  2024-07-04 13:04:01 Running ['artisan' prestamos:notificar] ..... 153ms FAIL
  ⇂ '/usr/bin/php8.1' 'artisan' prestamos:notificar > '/dev/null' 2>&1  


  2024-07-04 13:05:01 Running ['artisan' prestamos:notificar] ..... 156ms FAIL
  ⇂ '/usr/bin/php8.1' 'artisan' prestamos:notificar > '/dev/null' 2>&1  


  2024-07-04 13:06:01 Running ['artisan' prestamos:notificar] ..... 154ms FAIL
  ⇂ '/usr/bin/php8.1' 'artisan' prestamos:notificar > '/dev/null' 2>&1  


  2024-07-04 13:07:02 Running ['artisan' prestamos:notificar] ..... 176ms FAIL
  ⇂ '/usr/bin/php8.1' 'artisan' prestamos:notificar > '/dev/null' 2>&1  


  2024-07-04 13:08:01 Running ['artisan' prestamos:notificar] ..... 176ms FAIL
  ⇂ '/usr/bin/php8.1' 'artisan' prestamos:notificar > '/dev/null' 2>&1  


  2024-07-04 13:09:01 Running ['artisan' prestamos:notificar] ..... 154ms FAIL
  ⇂ '/usr/bin/php8.1' 'artisan' prestamos:notificar > '/dev/null' 2>&1  


  2024-07-04 13:10:02 Running ['artisan' prestamos:notificar] ..... 155ms FAIL
  ⇂ '/usr/bin/php8.1' 'artisan' prestamos:notificar > '/dev/null' 2>&1  


  2024-07-04 13:11:01 Running ['artisan' prestamos:notificar] ..... 154ms FAIL
  ⇂ '/usr/bin/php8.1' 'artisan' prestamos:notificar > '/dev/null' 2>&1  


  2024-07-04 13:12:01 Running ['artisan' prestamos:notificar] ..... 154ms FAIL
  ⇂ '/usr/bin/php8.1' 'artisan' prestamos:notificar > '/dev/null' 2>&1  


  2024-07-04 13:13:02 Running ['artisan' prestamos:notificar] ..... 154ms FAIL
  ⇂ '/usr/bin/php8.1' 'artisan' prestamos:notificar > '/dev/null' 2>&1  


  2024-07-04 13:14:01 Running ['artisan' prestamos:notificar] ..... 156ms FAIL
  ⇂ '/usr/bin/php8.1' 'artisan' prestamos:notificar > '/dev/null' 2>&1  


  2024-07-04 13:15:01 Running ['artisan' prestamos:notificar] ..... 157ms FAIL
  ⇂ '/usr/bin/php8.1' 'artisan' prestamos:notificar > '/dev/null' 2>&1  


  2024-07-04 13:16:01 Running ['artisan' prestamos:notificar] ..... 156ms FAIL
  ⇂ '/usr/bin/php8.1' 'artisan' prestamos:notificar > '/dev/null' 2>&1  


  2024-07-04 13:17:01 Running ['artisan' prestamos:notificar] ..... 153ms FAIL
  ⇂ '/usr/bin/php8.1' 'artisan' prestamos:notificar > '/dev/null' 2>&1  


  2024-07-04 13:18:01 Running ['artisan' prestamos:notificar] ..... 178ms FAIL
  ⇂ '/usr/bin/php8.1' 'artisan' prestamos:notificar > '/dev/null' 2>&1  


  2024-07-04 15:17:34 Running ['artisan' prestamos:notificar] ..... 100ms FAIL
  ⇂ '/usr/bin/php8.1' 'artisan' prestamos:notificar > '/dev/null' 2>&1  


  2024-07-04 15:18:01 Running ['artisan' prestamos:notificar] ...... 98ms FAIL
  ⇂ '/usr/bin/php8.1' 'artisan' prestamos:notificar > '/dev/null' 2>&1  


  2024-07-04 15:19:01 Running ['artisan' prestamos:notificar] ...... 98ms FAIL
  ⇂ '/usr/bin/php8.1' 'artisan' prestamos:notificar > '/dev/null' 2>&1  


  2024-07-04 15:20:01 Running ['artisan' prestamos:notificar] ..... 100ms FAIL
  ⇂ '/usr/bin/php8.1' 'artisan' prestamos:notificar > '/dev/null' 2>&1  


  2024-07-04 15:21:01 Running ['artisan' prestamos:notificar] ...... 98ms FAIL
  ⇂ '/usr/bin/php8.1' 'artisan' prestamos:notificar > '/dev/null' 2>&1  


  2024-07-04 15:22:01 Running ['artisan' prestamos:notificar] ...... 98ms FAIL
  ⇂ '/usr/bin/php8.1' 'artisan' prestamos:notificar > '/dev/null' 2>&1  


  2024-07-04 15:23:01 Running ['artisan' prestamos:notificar] ...... 99ms FAIL
  ⇂ '/usr/bin/php8.1' 'artisan' prestamos:notificar > '/dev/null' 2>&1  


  2024-07-04 15:24:01 Running ['artisan' prestamos:notificar] ...... 98ms FAIL
  ⇂ '/usr/bin/php8.1' 'artisan' prestamos:notificar > '/dev/null' 2>&1  


  2024-07-04 15:25:01 Running ['artisan' prestamos:notificar] ...... 99ms FAIL
  ⇂ '/usr/bin/php8.1' 'artisan' prestamos:notificar > '/dev/null' 2>&1  


  2024-07-04 15:26:01 Running ['artisan' prestamos:notificar] ...... 98ms FAIL
  ⇂ '/usr/bin/php8.1' 'artisan' prestamos:notificar > '/dev/null' 2>&1  


  2024-07-04 15:27:01 Running ['artisan' prestamos:notificar] ...... 98ms FAIL
  ⇂ '/usr/bin/php8.1' 'artisan' prestamos:notificar > '/dev/null' 2>&1  


  2024-07-04 15:28:01 Running ['artisan' prestamos:notificar] ...... 98ms FAIL
  ⇂ '/usr/bin/php8.1' 'artisan' prestamos:notificar > '/dev/null' 2>&1  


  2024-07-04 15:29:02 Running ['artisan' prestamos:notificar] ..... 102ms FAIL
  ⇂ '/usr/bin/php8.1' 'artisan' prestamos:notificar > '/dev/null' 2>&1  


  2024-07-04 15:30:01 Running ['artisan' prestamos:notificar] ...... 99ms FAIL
  ⇂ '/usr/bin/php8.1' 'artisan' prestamos:notificar > '/dev/null' 2>&1  


  2024-07-04 15:31:01 Running ['artisan' prestamos:notificar] ...... 98ms FAIL
  ⇂ '/usr/bin/php8.1' 'artisan' prestamos:notificar > '/dev/null' 2>&1  


  2024-07-04 15:32:01 Running ['artisan' prestamos:notificar] ..... 100ms FAIL
  ⇂ '/usr/bin/php8.1' 'artisan' prestamos:notificar > '/dev/null' 2>&1  


  2024-07-04 15:33:01 Running ['artisan' prestamos:notificar] ..... 102ms FAIL
  ⇂ '/usr/bin/php8.1' 'artisan' prestamos:notificar > '/dev/null' 2>&1  


  2024-07-04 15:34:02 Running ['artisan' prestamos:notificar] ...... 99ms FAIL
  ⇂ '/usr/bin/php8.1' 'artisan' prestamos:notificar > '/dev/null' 2>&1  


  2024-07-04 15:35:01 Running ['artisan' prestamos:notificar] ...... 98ms FAIL
  ⇂ '/usr/bin/php8.1' 'artisan' prestamos:notificar > '/dev/null' 2>&1  


  2024-07-04 15:36:01 Running ['artisan' prestamos:notificar] ...... 99ms FAIL
  ⇂ '/usr/bin/php8.1' 'artisan' prestamos:notificar > '/dev/null' 2>&1  


  2024-07-04 15:37:01 Running ['artisan' prestamos:notificar] ...... 98ms FAIL
  ⇂ '/usr/bin/php8.1' 'artisan' prestamos:notificar > '/dev/null' 2>&1  


  2024-07-04 15:38:01 Running ['artisan' prestamos:notificar] ..... 100ms FAIL
  ⇂ '/usr/bin/php8.1' 'artisan' prestamos:notificar > '/dev/null' 2>&1  


  2024-07-04 15:39:02 Running ['artisan' prestamos:notificar] ..... 104ms FAIL
  ⇂ '/usr/bin/php8.1' 'artisan' prestamos:notificar > '/dev/null' 2>&1  


  2024-07-04 15:40:01 Running ['artisan' prestamos:notificar] ..... 100ms FAIL
  ⇂ '/usr/bin/php8.1' 'artisan' prestamos:notificar > '/dev/null' 2>&1  


  2024-07-04 15:41:01 Running ['artisan' prestamos:notificar] ...... 99ms FAIL
  ⇂ '/usr/bin/php8.1' 'artisan' prestamos:notificar > '/dev/null' 2>&1  


  2024-07-04 15:42:01 Running ['artisan' prestamos:notificar] ..... 100ms FAIL
  ⇂ '/usr/bin/php8.1' 'artisan' prestamos:notificar > '/dev/null' 2>&1  


  2024-07-04 15:43:01 Running ['artisan' prestamos:notificar] ...... 99ms FAIL
  ⇂ '/usr/bin/php8.1' 'artisan' prestamos:notificar > '/dev/null' 2>&1  


  2024-07-04 15:44:02 Running ['artisan' prestamos:notificar] ...... 99ms FAIL
  ⇂ '/usr/bin/php8.1' 'artisan' prestamos:notificar > '/dev/null' 2>&1  


  2024-07-04 15:45:01 Running ['artisan' prestamos:notificar] ..... 100ms FAIL
  ⇂ '/usr/bin/php8.1' 'artisan' prestamos:notificar > '/dev/null' 2>&1  


  2024-07-04 15:46:01 Running ['artisan' prestamos:notificar] ..... 100ms FAIL
  ⇂ '/usr/bin/php8.1' 'artisan' prestamos:notificar > '/dev/null' 2>&1  


  2024-07-04 15:47:01 Running ['artisan' prestamos:notificar] ...... 99ms FAIL
  ⇂ '/usr/bin/php8.1' 'artisan' prestamos:notificar > '/dev/null' 2>&1  


  2024-07-04 15:48:01 Running ['artisan' prestamos:notificar] ..... 100ms FAIL
  ⇂ '/usr/bin/php8.1' 'artisan' prestamos:notificar > '/dev/null' 2>&1  


  2024-07-04 15:49:02 Running ['artisan' prestamos:notificar] ..... 100ms FAIL
  ⇂ '/usr/bin/php8.1' 'artisan' prestamos:notificar > '/dev/null' 2>&1  


  2024-07-04 15:50:01 Running ['artisan' prestamos:notificar] ...... 99ms FAIL
  ⇂ '/usr/bin/php8.1' 'artisan' prestamos:notificar > '/dev/null' 2>&1  


  2024-07-04 15:51:02 Running ['artisan' prestamos:notificar] ..... 103ms FAIL
  ⇂ '/usr/bin/php8.1' 'artisan' prestamos:notificar > '/dev/null' 2>&1  


  2024-07-04 15:52:01 Running ['artisan' prestamos:notificar] ..... 103ms FAIL
  ⇂ '/usr/bin/php8.1' 'artisan' prestamos:notificar > '/dev/null' 2>&1  


  2024-07-04 15:53:01 Running ['artisan' prestamos:notificar] ...... 97ms FAIL
  ⇂ '/usr/bin/php8.1' 'artisan' prestamos:notificar > '/dev/null' 2>&1  


  2024-07-04 15:54:01 Running ['artisan' prestamos:notificar] ...... 99ms FAIL
  ⇂ '/usr/bin/php8.1' 'artisan' prestamos:notificar > '/dev/null' 2>&1  


  2024-07-04 15:55:01 Running ['artisan' prestamos:notificar] ..... 104ms FAIL
  ⇂ '/usr/bin/php8.1' 'artisan' prestamos:notificar > '/dev/null' 2>&1  


  2024-07-04 15:56:01 Running ['artisan' prestamos:notificar] ..... 107ms FAIL
  ⇂ '/usr/bin/php8.1' 'artisan' prestamos:notificar > '/dev/null' 2>&1  


  2024-07-04 15:57:01 Running ['artisan' prestamos:notificar] ..... 113ms FAIL
  ⇂ '/usr/bin/php8.1' 'artisan' prestamos:notificar > '/dev/null' 2>&1  


  2024-07-04 15:58:01 Running ['artisan' prestamos:notificar] ..... 100ms FAIL
  ⇂ '/usr/bin/php8.1' 'artisan' prestamos:notificar > '/dev/null' 2>&1  


  2024-07-04 15:59:01 Running ['artisan' prestamos:notificar] ...... 98ms FAIL
  ⇂ '/usr/bin/php8.1' 'artisan' prestamos:notificar > '/dev/null' 2>&1  


  2024-07-04 16:00:01 Running ['artisan' prestamos:notificar] ..... 101ms FAIL
  ⇂ '/usr/bin/php8.1' 'artisan' prestamos:notificar > '/dev/null' 2>&1  


  2024-07-04 16:01:01 Running ['artisan' prestamos:notificar] ..... 100ms FAIL
  ⇂ '/usr/bin/php8.1' 'artisan' prestamos:notificar > '/dev/null' 2>&1  


  2024-07-04 16:02:01 Running ['artisan' prestamos:notificar] ..... 101ms FAIL
  ⇂ '/usr/bin/php8.1' 'artisan' prestamos:notificar > '/dev/null' 2>&1  


  2024-07-04 16:03:02 Running ['artisan' prestamos:notificar] ..... 100ms FAIL
  ⇂ '/usr/bin/php8.1' 'artisan' prestamos:notificar > '/dev/null' 2>&1  


  2024-07-04 16:04:01 Running ['artisan' prestamos:notificar] ..... 100ms FAIL
  ⇂ '/usr/bin/php8.1' 'artisan' prestamos:notificar > '/dev/null' 2>&1  


  2024-07-04 16:05:01 Running ['artisan' prestamos:notificar] ..... 101ms FAIL
  ⇂ '/usr/bin/php8.1' 'artisan' prestamos:notificar > '/dev/null' 2>&1  


  2024-07-04 16:06:01 Running ['artisan' prestamos:notificar] ..... 107ms FAIL
  ⇂ '/usr/bin/php8.1' 'artisan' prestamos:notificar > '/dev/null' 2>&1  


  2024-07-04 16:07:01 Running ['artisan' prestamos:notificar] ..... 112ms FAIL
  ⇂ '/usr/bin/php8.1' 'artisan' prestamos:notificar > '/dev/null' 2>&1  


  2024-07-04 16:08:02 Running ['artisan' prestamos:notificar] ..... 102ms FAIL
  ⇂ '/usr/bin/php8.1' 'artisan' prestamos:notificar > '/dev/null' 2>&1  


  2024-07-04 16:09:01 Running ['artisan' prestamos:notificar] ..... 104ms FAIL
  ⇂ '/usr/bin/php8.1' 'artisan' prestamos:notificar > '/dev/null' 2>&1  


  2024-07-04 16:10:01 Running ['artisan' prestamos:notificar] ..... 103ms FAIL
  ⇂ '/usr/bin/php8.1' 'artisan' prestamos:notificar > '/dev/null' 2>&1  


  2024-07-04 16:11:01 Running ['artisan' prestamos:notificar] ..... 108ms FAIL
  ⇂ '/usr/bin/php8.1' 'artisan' prestamos:notificar > '/dev/null' 2>&1  


  2024-07-04 16:12:01 Running ['artisan' prestamos:notificar] ..... 102ms FAIL
  ⇂ '/usr/bin/php8.1' 'artisan' prestamos:notificar > '/dev/null' 2>&1  


  2024-07-04 16:13:01 Running ['artisan' prestamos:notificar] ..... 102ms FAIL
  ⇂ '/usr/bin/php8.1' 'artisan' prestamos:notificar > '/dev/null' 2>&1  


  2024-07-04 16:14:01 Running ['artisan' prestamos:notificar] ..... 102ms FAIL
  ⇂ '/usr/bin/php8.1' 'artisan' prestamos:notificar > '/dev/null' 2>&1  


  2024-07-04 16:15:01 Running ['artisan' prestamos:notificar] ..... 101ms FAIL
  ⇂ '/usr/bin/php8.1' 'artisan' prestamos:notificar > '/dev/null' 2>&1  


  2024-07-04 16:16:01 Running ['artisan' prestamos:notificar] ..... 102ms FAIL
  ⇂ '/usr/bin/php8.1' 'artisan' prestamos:notificar > '/dev/null' 2>&1  


  2024-07-04 16:17:01 Running ['artisan' prestamos:notificar] ..... 101ms FAIL
  ⇂ '/usr/bin/php8.1' 'artisan' prestamos:notificar > '/dev/null' 2>&1  


  2024-07-09 22:08:01 Running ['artisan' prestamos:notificar] ..... 156ms DONE
  ⇂ '/usr/bin/php8.1' 'artisan' prestamos:notificar > '/dev/null' 2>&1  


  2024-07-09 22:09:02 Running ['artisan' prestamos:notificar] ..... 162ms DONE
  ⇂ '/usr/bin/php8.1' 'artisan' prestamos:notificar > '/dev/null' 2>&1  


  2024-07-09 22:10:01 Running ['artisan' prestamos:notificar] ..... 152ms DONE
  ⇂ '/usr/bin/php8.1' 'artisan' prestamos:notificar > '/dev/null' 2>&1  


  2024-07-09 22:11:01 Running ['artisan' prestamos:notificar] ..... 153ms DONE
  ⇂ '/usr/bin/php8.1' 'artisan' prestamos:notificar > '/dev/null' 2>&1  


  2024-07-09 22:12:01 Running ['artisan' prestamos:notificar] ..... 169ms DONE
  ⇂ '/usr/bin/php8.1' 'artisan' prestamos:notificar > '/dev/null' 2>&1  


  2024-07-09 22:13:01 Running ['artisan' prestamos:notificar] ..... 184ms DONE
  ⇂ '/usr/bin/php8.1' 'artisan' prestamos:notificar > '/dev/null' 2>&1  


  2024-07-09 22:14:02 Running ['artisan' prestamos:notificar] ..... 178ms DONE
  ⇂ '/usr/bin/php8.1' 'artisan' prestamos:notificar > '/dev/null' 2>&1  


  2024-07-09 22:15:01 Running ['artisan' prestamos:notificar] ..... 164ms DONE
  ⇂ '/usr/bin/php8.1' 'artisan' prestamos:notificar > '/dev/null' 2>&1  


  2024-07-09 22:16:01 Running ['artisan' prestamos:notificar] ..... 186ms DONE
  ⇂ '/usr/bin/php8.1' 'artisan' prestamos:notificar > '/dev/null' 2>&1  


  2024-07-09 22:17:01 Running ['artisan' prestamos:notificar] ..... 182ms DONE
  ⇂ '/usr/bin/php8.1' 'artisan' prestamos:notificar > '/dev/null' 2>&1  


  2024-07-09 22:18:01 Running ['artisan' prestamos:notificar] ..... 167ms DONE
  ⇂ '/usr/bin/php8.1' 'artisan' prestamos:notificar > '/dev/null' 2>&1  


  2024-07-09 22:19:01 Running ['artisan' prestamos:notificar] ..... 158ms DONE
  ⇂ '/usr/bin/php8.1' 'artisan' prestamos:notificar > '/dev/null' 2>&1  


  2024-07-09 22:20:01 Running ['artisan' prestamos:notificar] ..... 157ms DONE
  ⇂ '/usr/bin/php8.1' 'artisan' prestamos:notificar > '/dev/null' 2>&1  


  2024-07-09 22:21:02 Running ['artisan' prestamos:notificar] ... 2,460ms DONE
  ⇂ '/usr/bin/php8.1' 'artisan' prestamos:notificar > '/dev/null' 2>&1  


  2024-07-09 22:22:01 Running ['artisan' prestamos:notificar] ... 1,997ms DONE
  ⇂ '/usr/bin/php8.1' 'artisan' prestamos:notificar > '/dev/null' 2>&1  


  2024-07-09 22:23:02 Running ['artisan' prestamos:notificar] ... 2,060ms DONE
  ⇂ '/usr/bin/php8.1' 'artisan' prestamos:notificar > '/dev/null' 2>&1  


  2024-07-09 22:24:01 Running ['artisan' prestamos:notificar] ... 2,124ms DONE
  ⇂ '/usr/bin/php8.1' 'artisan' prestamos:notificar > '/dev/null' 2>&1  


  2024-07-09 22:25:01 Running ['artisan' prestamos:notificar] ... 1,997ms DONE
  ⇂ '/usr/bin/php8.1' 'artisan' prestamos:notificar > '/dev/null' 2>&1  


   INFO  No scheduled commands are ready to run.  


   INFO  No scheduled commands are ready to run.  


   INFO  No scheduled commands are ready to run.  


   INFO  No scheduled commands are ready to run.  


  2024-07-09 22:30:01 Running ['artisan' prestamos:notificar] ... 2,639ms DONE
  ⇂ '/usr/bin/php8.1' 'artisan' prestamos:notificar > '/dev/null' 2>&1  


   INFO  No scheduled commands are ready to run.  


   INFO  No scheduled commands are ready to run.  


   INFO  No scheduled commands are ready to run.  


   INFO  No scheduled commands are ready to run.  


   INFO  No scheduled commands are ready to run.  


   INFO  No scheduled commands are ready to run.  


   INFO  No scheduled commands are ready to run.  


   INFO  No scheduled commands are ready to run.  


   INFO  No scheduled commands are ready to run.  


   INFO  No scheduled commands are ready to run.  


   INFO  No scheduled commands are ready to run.  


   INFO  No scheduled commands are ready to run.  


   INFO  No scheduled commands are ready to run.  


   INFO  No scheduled commands are ready to run.  


   INFO  No scheduled commands are ready to run.  


   INFO  No scheduled commands are ready to run.  


   INFO  No scheduled commands are ready to run.  


   INFO  No scheduled commands are ready to run.  


   INFO  No scheduled commands are ready to run.  


   INFO  No scheduled commands are ready to run.  


   INFO  No scheduled commands are ready to run.  


   INFO  No scheduled commands are ready to run.  


   INFO  No scheduled commands are ready to run.  


   INFO  No scheduled commands are ready to run.  


   INFO  No scheduled commands are ready to run.  


   INFO  No scheduled commands are ready to run.  


   INFO  No scheduled commands are ready to run.  


   INFO  No scheduled commands are ready to run.  


   INFO  No scheduled commands are ready to run.  


   INFO  No scheduled commands are ready to run.  


   INFO  No scheduled commands are ready to run.  


   INFO  No scheduled commands are ready to run.  


   INFO  No scheduled commands are ready to run.  


   INFO  No scheduled commands are ready to run.  


   INFO  No scheduled commands are ready to run.  


   INFO  No scheduled commands are ready to run.  


   INFO  No scheduled commands are ready to run.  


   INFO  No scheduled commands are ready to run.  


   INFO  No scheduled commands are ready to run.  


   INFO  No scheduled commands are ready to run.  


   INFO  No scheduled commands are ready to run.  


   INFO  No scheduled commands are ready to run.  


   INFO  No scheduled commands are ready to run.  


   INFO  No scheduled commands are ready to run.  


   INFO  No scheduled commands are ready to run.  


   INFO  No scheduled commands are ready to run.  


   INFO  No scheduled commands are ready to run.  


   INFO  No scheduled commands are ready to run.  


   INFO  No scheduled commands are ready to run.  


   INFO  No scheduled commands are ready to run.  


   INFO  No scheduled commands are ready to run.  


   INFO  No scheduled commands are ready to run.  


   INFO  No scheduled commands are ready to run.  


   INFO  No scheduled commands are ready to run.  


   INFO  No scheduled commands are ready to run.  


   INFO  No scheduled commands are ready to run.  


   INFO  No scheduled commands are ready to run.  


   INFO  No scheduled commands are ready to run.  


   INFO  No scheduled commands are ready to run.  


   INFO  No scheduled commands are ready to run.  


   INFO  No scheduled commands are ready to run.  


   INFO  No scheduled commands are ready to run.  


   INFO  No scheduled commands are ready to run.  


   INFO  No scheduled commands are ready to run.  


   INFO  No scheduled commands are ready to run.  


   INFO  No scheduled commands are ready to run.  


   INFO  No scheduled commands are ready to run.  


   INFO  No scheduled commands are ready to run.  


   INFO  No scheduled commands are ready to run.  


  2024-07-10 15:15:01 Running ['artisan' prestamos:notificar] ..... 106ms DONE
  ⇂ '/usr/bin/php8.1' 'artisan' prestamos:notificar > '/dev/null' 2>&1  


   INFO  No scheduled commands are ready to run.  


   INFO  No scheduled commands are ready to run.  


   INFO  No scheduled commands are ready to run.  


  2024-07-10 15:19:01 Running ['artisan' prestamos:notificar] ... 2,739ms DONE
  ⇂ '/usr/bin/php8.1' 'artisan' prestamos:notificar > '/dev/null' 2>&1  


   INFO  No scheduled commands are ready to run.  


   INFO  No scheduled commands are ready to run.  


   INFO  No scheduled commands are ready to run.  


   INFO  No scheduled commands are ready to run.  


   INFO  No scheduled commands are ready to run.  


   INFO  No scheduled commands are ready to run.  


   INFO  No scheduled commands are ready to run.  


   INFO  No scheduled commands are ready to run.  


   INFO  No scheduled commands are ready to run.  


   INFO  No scheduled commands are ready to run.  


   INFO  No scheduled commands are ready to run.  


   INFO  No scheduled commands are ready to run.  


   INFO  No scheduled commands are ready to run.  


   INFO  No scheduled commands are ready to run.  


   INFO  No scheduled commands are ready to run.  


   INFO  No scheduled commands are ready to run.  


   INFO  No scheduled commands are ready to run.  


   INFO  No scheduled commands are ready to run.  


   INFO  No scheduled commands are ready to run.  


   INFO  No scheduled commands are ready to run.  


   INFO  No scheduled commands are ready to run.  


   INFO  No scheduled commands are ready to run.  


   INFO  No scheduled commands are ready to run.  


   INFO  No scheduled commands are ready to run.  


   INFO  No scheduled commands are ready to run.  


   INFO  No scheduled commands are ready to run.  


   INFO  No scheduled commands are ready to run.  


   INFO  No scheduled commands are ready to run.  


   INFO  No scheduled commands are ready to run.  


   INFO  No scheduled commands are ready to run.  


   INFO  No scheduled commands are ready to run.  


   INFO  No scheduled commands are ready to run.  


   INFO  No scheduled commands are ready to run.  


   INFO  No scheduled commands are ready to run.  


   INFO  No scheduled commands are ready to run.  


   INFO  No scheduled commands are ready to run.  


   INFO  No scheduled commands are ready to run.  


   INFO  No scheduled commands are ready to run.  


   INFO  No scheduled commands are ready to run.  


   INFO  No scheduled commands are ready to run.  


   INFO  No scheduled commands are ready to run.  


   INFO  No scheduled commands are ready to run.  


   INFO  No scheduled commands are ready to run.  


   INFO  No scheduled commands are ready to run.  


   INFO  No scheduled commands are ready to run.  


   INFO  No scheduled commands are ready to run.  


   INFO  No scheduled commands are ready to run.  


   INFO  No scheduled commands are ready to run.  


   INFO  No scheduled commands are ready to run.  


   INFO  No scheduled commands are ready to run.  


   INFO  No scheduled commands are ready to run.  


   INFO  No scheduled commands are ready to run.  


   INFO  No scheduled commands are ready to run.  


   INFO  No scheduled commands are ready to run.  


   INFO  No scheduled commands are ready to run.  


   INFO  No scheduled commands are ready to run.  


   INFO  No scheduled commands are ready to run.  


   INFO  No scheduled commands are ready to run.  


   INFO  No scheduled commands are ready to run.  


   INFO  No scheduled commands are ready to run.  


   INFO  No scheduled commands are ready to run.  


   INFO  No scheduled commands are ready to run.  


   INFO  No scheduled commands are ready to run.  

